<?xml version="1.0" encoding="UTF-8"?>
<testng-results ignored="0" total="1" passed="1" failed="0" skipped="0">
  <reporter-output>
  </reporter-output>
  <suite started-at="2024-04-20T17:42:46 IST" name="Suite" finished-at="2024-04-20T17:43:28 IST" duration-ms="41880">
    <groups>
    </groups>
    <test started-at="2024-04-20T17:42:46 IST" name="Test" finished-at="2024-04-20T17:43:28 IST" duration-ms="41880">
      <class name="Automation.WebServerWorkingVerfication.WebChecking">
        <test-method is-config="true" signature="configurBrowser()[pri:0, instance:Automation.WebServerWorkingVerfication.WebChecking@31c7528f]" started-at="2024-04-20T17:42:46 IST" name="configurBrowser" finished-at="2024-04-20T17:42:47 IST" duration-ms="1523" status="PASS">
          <reporter-output>
          </reporter-output>
        </test-method> <!-- configurBrowser -->
        <test-method signature="webCheckingTest()[pri:0, instance:Automation.WebServerWorkingVerfication.WebChecking@31c7528f]" started-at="2024-04-20T17:42:47 IST" name="webCheckingTest" finished-at="2024-04-20T17:43:28 IST" duration-ms="40279" status="PASS">
          <reporter-output>
          </reporter-output>
        </test-method> <!-- webCheckingTest -->
        <test-method is-config="true" signature="tearDown()[pri:0, instance:Automation.WebServerWorkingVerfication.WebChecking@31c7528f]" started-at="2024-04-20T17:43:28 IST" name="tearDown" finished-at="2024-04-20T17:43:28 IST" duration-ms="49" status="PASS">
          <reporter-output>
          </reporter-output>
        </test-method> <!-- tearDown -->
      </class> <!-- Automation.WebServerWorkingVerfication.WebChecking -->
    </test> <!-- Test -->
  </suite> <!-- Suite -->
</testng-results>
